<?xml version="1.0" encoding="UTF-8"?>
<testsuite xmlns:xsi="http://www.w3.org/2001/XMLSchema-instance" xsi:noNamespaceSchemaLocation="https://maven.apache.org/surefire/maven-surefire-plugin/xsd/surefire-test-report-3.0.xsd" version="3.0" name="runner.RunCucumberTest" time="10.282" tests="6" errors="0" skipped="0" failures="0">
  <properties>
[...]
</properties>
  <testcase name="Dado que estou na tela de login" classname="Cenário: Realizar logoff com sucesso" time="0">
    <system-err><![CDATA[Starting ChromeDriver 110.0.5481.77 (65ed616c6e8ee3fe0ad64fe83796c020644d42af-refs/branch-heads/5481@{#839}) on port 32469
Only local connections are allowed.
Please see https://chromedriver.chromium.org/security-considerations for suggestions on keeping ChromeDriver safe.
ChromeDriver was started successfully.
[1676528687.651][WARNING]: virtual void DevToolsClientImpl::AddListener(DevToolsEventListener *) subscribing a listener to the already connected DevToolsClient. Connection notification will not arrive.
fev 16, 2023 3:24:47 AM org.openqa.selenium.devtools.CdpVersionFinder findNearestMatch
ADVERTÊNCIA: Unable to find an exact match for CDP version 110, so returning the closest version found: 109
]]></system-err>
  </testcase>
  <testcase name="Dado estou logado na aplicação" classname="Cenário: Realizar logoff com sucesso" time="0"/>
  <testcase name="Quando passo o mouse sobre o menu do nome do usuário logado no header" classname="Cenário: Realizar logoff com sucesso" time="0"/>
  <testcase name="Quando clico em Logoff" classname="Cenário: Realizar logoff com sucesso" time="0"/>
  <testcase name="Então sistema realiza o logoff com sucesso" classname="Cenário: Realizar logoff com sucesso" time="0"/>
  <testcase name="" classname="Cenário: Realizar logoff com sucesso" time="0.005">
    <system-out><![CDATA[==================================================================================================================================================================================================================
Teste executado: &amp#27;[1;33mRealizar logoff com sucesso&amp#27;[0m
Status: &amp#27;[1;32mpassed&amp#27;[0m
Tag: [@login, @logoff-sucesso]
==================================================================================================================================================================================================================
==================================================================================================================================================================================================================
Teste executado: &amp#27;[1;33mRealizar logoff com sucesso&amp#27;[0m
Status: &amp#27;[1;32mpassed&amp#27;[0m
Tag: [@login, @logoff-sucesso]
==================================================================================================================================================================================================================
]]></system-out>
  </testcase>
</testsuite>