<?xml version="1.0" encoding="UTF-8"?>
<testsuite xmlns:xsi="http://www.w3.org/2001/XMLSchema-instance" xsi:noNamespaceSchemaLocation="https://maven.apache.org/surefire/maven-surefire-plugin/xsd/surefire-test-report-3.0.xsd" version="3.0" name="runner.RunCucumberTest" time="126.216" tests="75" errors="0" skipped="0" failures="0">
  <properties>
[...]
</properties>
  <testcase name="Dado que estou na tela de cadastro de usuários" classname="|  |  |  | O campo nome deve ser prenchido | Realizar cadastro sem preencher campo obrigatórios |" time="0.001">
    <system-err><![CDATA[Starting ChromeDriver 109.0.5414.74 (e7c5703604daa9cc128ccf5a5d3e993513758913-refs/branch-heads/5414@{#1172}) on port 48636
Only local connections are allowed.
Please see https://chromedriver.chromium.org/security-considerations for suggestions on keeping ChromeDriver safe.
ChromeDriver was started successfully.
]]></system-err>
  </testcase>
  <testcase name="Quando preencho os campos nome&quot;&quot;,email&quot;&quot;e senha&quot;&quot;" classname="|  |  |  | O campo nome deve ser prenchido | Realizar cadastro sem preencher campo obrigatórios |" time="0"/>
  <testcase name="E clico no botão de cadastrar" classname="|  |  |  | O campo nome deve ser prenchido | Realizar cadastro sem preencher campo obrigatórios |" time="0.001"/>
  <testcase name="Então sistema apresenta mensagem&quot;O campo nome deve ser prenchido&quot; na tela de cadastro" classname="|  |  |  | O campo nome deve ser prenchido | Realizar cadastro sem preencher campo obrigatórios |" time="0"/>
  <testcase name="" classname="|  |  |  | O campo nome deve ser prenchido | Realizar cadastro sem preencher campo obrigatórios |" time="0.006">
    <system-out><![CDATA[==================================================================================================================================================================================================================
Teste executado: &amp#27;[1;33mValidar: Realizar cadastro sem preencher campo obrigatórios&amp#27;[0m
Status: &amp#27;[1;32mpassed&amp#27;[0m
Tag: [@cadastro, @cadastro-erro]
==================================================================================================================================================================================================================
==================================================================================================================================================================================================================
Teste executado: &amp#27;[1;33mValidar: Realizar cadastro sem preencher campo obrigatórios&amp#27;[0m
Status: &amp#27;[1;32mpassed&amp#27;[0m
Tag: [@cadastro, @cadastro-erro]
==================================================================================================================================================================================================================
]]></system-out>
  </testcase>
  <testcase name="Dado que estou na tela de cadastro de usuários" classname="|  | joao.almeida@teste.com | 123456 | O campo nome deve ser prenchido | Realizar cadastro sem preencher campo Nome |" time="0">
    <system-err><![CDATA[Starting ChromeDriver 109.0.5414.74 (e7c5703604daa9cc128ccf5a5d3e993513758913-refs/branch-heads/5414@{#1172}) on port 2184
Only local connections are allowed.
Please see https://chromedriver.chromium.org/security-considerations for suggestions on keeping ChromeDriver safe.
ChromeDriver was started successfully.
]]></system-err>
  </testcase>
  <testcase name="Quando preencho os campos nome&quot;&quot;,email&quot;joao.almeida@teste.com&quot;e senha&quot;123456&quot;" classname="|  | joao.almeida@teste.com | 123456 | O campo nome deve ser prenchido | Realizar cadastro sem preencher campo Nome |" time="0"/>
  <testcase name="E clico no botão de cadastrar" classname="|  | joao.almeida@teste.com | 123456 | O campo nome deve ser prenchido | Realizar cadastro sem preencher campo Nome |" time="0"/>
  <testcase name="Então sistema apresenta mensagem&quot;O campo nome deve ser prenchido&quot; na tela de cadastro" classname="|  | joao.almeida@teste.com | 123456 | O campo nome deve ser prenchido | Realizar cadastro sem preencher campo Nome |" time="0"/>
  <testcase name="" classname="|  | joao.almeida@teste.com | 123456 | O campo nome deve ser prenchido | Realizar cadastro sem preencher campo Nome |" time="0.004">
    <system-out><![CDATA[==================================================================================================================================================================================================================
Teste executado: &amp#27;[1;33mValidar: Realizar cadastro sem preencher campo Nome&amp#27;[0m
Status: &amp#27;[1;32mpassed&amp#27;[0m
Tag: [@cadastro, @cadastro-erro]
==================================================================================================================================================================================================================
==================================================================================================================================================================================================================
Teste executado: &amp#27;[1;33mValidar: Realizar cadastro sem preencher campo Nome&amp#27;[0m
Status: &amp#27;[1;32mpassed&amp#27;[0m
Tag: [@cadastro, @cadastro-erro]
==================================================================================================================================================================================================================
]]></system-out>
  </testcase>
  <testcase name="Dado que estou na tela de cadastro de usuários" classname="| João de Almeida |  | 123456 | O campo e-mail deve ser prenchido corretamente | Realizar cadastro sem preencher campo E-mail |" time="0">
    <system-err><![CDATA[Starting ChromeDriver 109.0.5414.74 (e7c5703604daa9cc128ccf5a5d3e993513758913-refs/branch-heads/5414@{#1172}) on port 9567
Only local connections are allowed.
Please see https://chromedriver.chromium.org/security-considerations for suggestions on keeping ChromeDriver safe.
ChromeDriver was started successfully.
]]></system-err>
  </testcase>
  <testcase name="Quando preencho os campos nome&quot;João de Almeida&quot;,email&quot;&quot;e senha&quot;123456&quot;" classname="| João de Almeida |  | 123456 | O campo e-mail deve ser prenchido corretamente | Realizar cadastro sem preencher campo E-mail |" time="0"/>
  <testcase name="E clico no botão de cadastrar" classname="| João de Almeida |  | 123456 | O campo e-mail deve ser prenchido corretamente | Realizar cadastro sem preencher campo E-mail |" time="0"/>
  <testcase name="Então sistema apresenta mensagem&quot;O campo e-mail deve ser prenchido corretamente&quot; na tela de cadastro" classname="| João de Almeida |  | 123456 | O campo e-mail deve ser prenchido corretamente | Realizar cadastro sem preencher campo E-mail |" time="0"/>
  <testcase name="" classname="| João de Almeida |  | 123456 | O campo e-mail deve ser prenchido corretamente | Realizar cadastro sem preencher campo E-mail |" time="0.003">
    <system-out><![CDATA[==================================================================================================================================================================================================================
Teste executado: &amp#27;[1;33mValidar: Realizar cadastro sem preencher campo E-mail&amp#27;[0m
Status: &amp#27;[1;32mpassed&amp#27;[0m
Tag: [@cadastro, @cadastro-erro]
==================================================================================================================================================================================================================
==================================================================================================================================================================================================================
Teste executado: &amp#27;[1;33mValidar: Realizar cadastro sem preencher campo E-mail&amp#27;[0m
Status: &amp#27;[1;32mpassed&amp#27;[0m
Tag: [@cadastro, @cadastro-erro]
==================================================================================================================================================================================================================
]]></system-out>
  </testcase>
  <testcase name="Dado que estou na tela de cadastro de usuários" classname="| João de Almeida | joao.almeida@teste.com |  | O campo senha deve ter pelo menos 6 dígitos | Realizar cadastro sem preencher campo Senha |" time="0">
    <system-err><![CDATA[Starting ChromeDriver 109.0.5414.74 (e7c5703604daa9cc128ccf5a5d3e993513758913-refs/branch-heads/5414@{#1172}) on port 8655
Only local connections are allowed.
Please see https://chromedriver.chromium.org/security-considerations for suggestions on keeping ChromeDriver safe.
ChromeDriver was started successfully.
]]></system-err>
  </testcase>
  <testcase name="Quando preencho os campos nome&quot;João de Almeida&quot;,email&quot;joao.almeida@teste.com&quot;e senha&quot;&quot;" classname="| João de Almeida | joao.almeida@teste.com |  | O campo senha deve ter pelo menos 6 dígitos | Realizar cadastro sem preencher campo Senha |" time="0"/>
  <testcase name="E clico no botão de cadastrar" classname="| João de Almeida | joao.almeida@teste.com |  | O campo senha deve ter pelo menos 6 dígitos | Realizar cadastro sem preencher campo Senha |" time="0"/>
  <testcase name="Então sistema apresenta mensagem&quot;O campo senha deve ter pelo menos 6 dígitos&quot; na tela de cadastro" classname="| João de Almeida | joao.almeida@teste.com |  | O campo senha deve ter pelo menos 6 dígitos | Realizar cadastro sem preencher campo Senha |" time="0"/>
  <testcase name="" classname="| João de Almeida | joao.almeida@teste.com |  | O campo senha deve ter pelo menos 6 dígitos | Realizar cadastro sem preencher campo Senha |" time="0.004">
    <system-out><![CDATA[==================================================================================================================================================================================================================
Teste executado: &amp#27;[1;33mValidar: Realizar cadastro sem preencher campo Senha&amp#27;[0m
Status: &amp#27;[1;32mpassed&amp#27;[0m
Tag: [@cadastro, @cadastro-erro]
==================================================================================================================================================================================================================
==================================================================================================================================================================================================================
Teste executado: &amp#27;[1;33mValidar: Realizar cadastro sem preencher campo Senha&amp#27;[0m
Status: &amp#27;[1;32mpassed&amp#27;[0m
Tag: [@cadastro, @cadastro-erro]
==================================================================================================================================================================================================================
]]></system-out>
  </testcase>
  <testcase name="Dado que estou na tela de cadastro de usuários" classname="| João de Almeida | joao.almeida@ | 123456 | O campo e-mail deve ser prenchido corretamente | Realizar cadastro com e-mail inválido |" time="0">
    <system-err><![CDATA[Starting ChromeDriver 109.0.5414.74 (e7c5703604daa9cc128ccf5a5d3e993513758913-refs/branch-heads/5414@{#1172}) on port 36146
Only local connections are allowed.
Please see https://chromedriver.chromium.org/security-considerations for suggestions on keeping ChromeDriver safe.
ChromeDriver was started successfully.
]]></system-err>
  </testcase>
  <testcase name="Quando preencho os campos nome&quot;João de Almeida&quot;,email&quot;joao.almeida@&quot;e senha&quot;123456&quot;" classname="| João de Almeida | joao.almeida@ | 123456 | O campo e-mail deve ser prenchido corretamente | Realizar cadastro com e-mail inválido |" time="0"/>
  <testcase name="E clico no botão de cadastrar" classname="| João de Almeida | joao.almeida@ | 123456 | O campo e-mail deve ser prenchido corretamente | Realizar cadastro com e-mail inválido |" time="0"/>
  <testcase name="Então sistema apresenta mensagem&quot;O campo e-mail deve ser prenchido corretamente&quot; na tela de cadastro" classname="| João de Almeida | joao.almeida@ | 123456 | O campo e-mail deve ser prenchido corretamente | Realizar cadastro com e-mail inválido |" time="0"/>
  <testcase name="" classname="| João de Almeida | joao.almeida@ | 123456 | O campo e-mail deve ser prenchido corretamente | Realizar cadastro com e-mail inválido |" time="0.003">
    <system-out><![CDATA[==================================================================================================================================================================================================================
Teste executado: &amp#27;[1;33mValidar: Realizar cadastro com e-mail inválido&amp#27;[0m
Status: &amp#27;[1;32mpassed&amp#27;[0m
Tag: [@cadastro, @cadastro-erro]
==================================================================================================================================================================================================================
==================================================================================================================================================================================================================
Teste executado: &amp#27;[1;33mValidar: Realizar cadastro com e-mail inválido&amp#27;[0m
Status: &amp#27;[1;32mpassed&amp#27;[0m
Tag: [@cadastro, @cadastro-erro]
==================================================================================================================================================================================================================
]]></system-out>
  </testcase>
  <testcase name="Dado que estou na tela de cadastro de usuários" classname="| João de Almeida | joao.almeida@teste.com | 123 | O campo senha deve ter pelo menos 6 dígitos | Realizar cadastro com senha inválida |" time="0">
    <system-err><![CDATA[Starting ChromeDriver 109.0.5414.74 (e7c5703604daa9cc128ccf5a5d3e993513758913-refs/branch-heads/5414@{#1172}) on port 19950
Only local connections are allowed.
Please see https://chromedriver.chromium.org/security-considerations for suggestions on keeping ChromeDriver safe.
ChromeDriver was started successfully.
]]></system-err>
  </testcase>
  <testcase name="Quando preencho os campos nome&quot;João de Almeida&quot;,email&quot;joao.almeida@teste.com&quot;e senha&quot;123&quot;" classname="| João de Almeida | joao.almeida@teste.com | 123 | O campo senha deve ter pelo menos 6 dígitos | Realizar cadastro com senha inválida |" time="0"/>
  <testcase name="E clico no botão de cadastrar" classname="| João de Almeida | joao.almeida@teste.com | 123 | O campo senha deve ter pelo menos 6 dígitos | Realizar cadastro com senha inválida |" time="0"/>
  <testcase name="Então sistema apresenta mensagem&quot;O campo senha deve ter pelo menos 6 dígitos&quot; na tela de cadastro" classname="| João de Almeida | joao.almeida@teste.com | 123 | O campo senha deve ter pelo menos 6 dígitos | Realizar cadastro com senha inválida |" time="0"/>
  <testcase name="" classname="| João de Almeida | joao.almeida@teste.com | 123 | O campo senha deve ter pelo menos 6 dígitos | Realizar cadastro com senha inválida |" time="0.001">
    <system-out><![CDATA[==================================================================================================================================================================================================================
Teste executado: &amp#27;[1;33mValidar: Realizar cadastro com senha inválida&amp#27;[0m
Status: &amp#27;[1;32mpassed&amp#27;[0m
Tag: [@cadastro, @cadastro-erro]
==================================================================================================================================================================================================================
==================================================================================================================================================================================================================
Teste executado: &amp#27;[1;33mValidar: Realizar cadastro com senha inválida&amp#27;[0m
Status: &amp#27;[1;32mpassed&amp#27;[0m
Tag: [@cadastro, @cadastro-erro]
==================================================================================================================================================================================================================
]]></system-out>
  </testcase>
  <testcase name="Dado que estou na tela de cadastro de usuários" classname="Cenário: Realizar cadastro de usuário com sucesso" time="0">
    <system-err><![CDATA[Starting ChromeDriver 109.0.5414.74 (e7c5703604daa9cc128ccf5a5d3e993513758913-refs/branch-heads/5414@{#1172}) on port 44785
Only local connections are allowed.
Please see https://chromedriver.chromium.org/security-considerations for suggestions on keeping ChromeDriver safe.
ChromeDriver was started successfully.
]]></system-err>
  </testcase>
  <testcase name="Quando preencho campos obrigatórios cadastro" classname="Cenário: Realizar cadastro de usuário com sucesso" time="0"/>
  <testcase name="E clico no botão cadastrar" classname="Cenário: Realizar cadastro de usuário com sucesso" time="0"/>
  <testcase name="Então sistema realiza cadastro de usuário com sucesso" classname="Cenário: Realizar cadastro de usuário com sucesso" time="0"/>
  <testcase name="" classname="Cenário: Realizar cadastro de usuário com sucesso" time="0.005">
    <system-out><![CDATA[==================================================================================================================================================================================================================
Teste executado: &amp#27;[1;33mRealizar cadastro de usuário com sucesso&amp#27;[0m
Status: &amp#27;[1;32mpassed&amp#27;[0m
Tag: [@cadastro-sucesso, @cadastro]
==================================================================================================================================================================================================================
==================================================================================================================================================================================================================
Teste executado: &amp#27;[1;33mRealizar cadastro de usuário com sucesso&amp#27;[0m
Status: &amp#27;[1;32mpassed&amp#27;[0m
Tag: [@cadastro-sucesso, @cadastro]
==================================================================================================================================================================================================================
]]></system-out>
  </testcase>
  <testcase name="Dado que estou na tela de login" classname="|  |  | E-mail inválido. | Realizar login sem preencher campos obrigatórios |" time="0">
    <system-err><![CDATA[Starting ChromeDriver 109.0.5414.74 (e7c5703604daa9cc128ccf5a5d3e993513758913-refs/branch-heads/5414@{#1172}) on port 11079
Only local connections are allowed.
Please see https://chromedriver.chromium.org/security-considerations for suggestions on keeping ChromeDriver safe.
ChromeDriver was started successfully.
]]></system-err>
  </testcase>
  <testcase name="Quando preencho o campo email&quot;&quot; e senha&quot;&quot;" classname="|  |  | E-mail inválido. | Realizar login sem preencher campos obrigatórios |" time="0"/>
  <testcase name="E clico no botão de login" classname="|  |  | E-mail inválido. | Realizar login sem preencher campos obrigatórios |" time="0"/>
  <testcase name="Então sistema apresenta mensagem&quot;E-mail inválido.&quot; na tela de login" classname="|  |  | E-mail inválido. | Realizar login sem preencher campos obrigatórios |" time="0"/>
  <testcase name="" classname="|  |  | E-mail inválido. | Realizar login sem preencher campos obrigatórios |" time="0.002">
    <system-out><![CDATA[==================================================================================================================================================================================================================
Teste executado: &amp#27;[1;33mValidar: Realizar login sem preencher campos obrigatórios&amp#27;[0m
Status: &amp#27;[1;32mpassed&amp#27;[0m
Tag: [@login-erro, @login]
==================================================================================================================================================================================================================
==================================================================================================================================================================================================================
Teste executado: &amp#27;[1;33mValidar: Realizar login sem preencher campos obrigatórios&amp#27;[0m
Status: &amp#27;[1;32mpassed&amp#27;[0m
Tag: [@login-erro, @login]
==================================================================================================================================================================================================================
]]></system-out>
  </testcase>
  <testcase name="Dado que estou na tela de login" classname="|  | 123456 | E-mail inválido. | Realizar login sem preencher campo e-mail |" time="0">
    <system-err><![CDATA[Starting ChromeDriver 109.0.5414.74 (e7c5703604daa9cc128ccf5a5d3e993513758913-refs/branch-heads/5414@{#1172}) on port 43760
Only local connections are allowed.
Please see https://chromedriver.chromium.org/security-considerations for suggestions on keeping ChromeDriver safe.
ChromeDriver was started successfully.
]]></system-err>
  </testcase>
  <testcase name="Quando preencho o campo email&quot;&quot; e senha&quot;123456&quot;" classname="|  | 123456 | E-mail inválido. | Realizar login sem preencher campo e-mail |" time="0"/>
  <testcase name="E clico no botão de login" classname="|  | 123456 | E-mail inválido. | Realizar login sem preencher campo e-mail |" time="0"/>
  <testcase name="Então sistema apresenta mensagem&quot;E-mail inválido.&quot; na tela de login" classname="|  | 123456 | E-mail inválido. | Realizar login sem preencher campo e-mail |" time="0"/>
  <testcase name="" classname="|  | 123456 | E-mail inválido. | Realizar login sem preencher campo e-mail |" time="0.003">
    <system-out><![CDATA[==================================================================================================================================================================================================================
Teste executado: &amp#27;[1;33mValidar: Realizar login sem preencher campo e-mail&amp#27;[0m
Status: &amp#27;[1;32mpassed&amp#27;[0m
Tag: [@login-erro, @login]
==================================================================================================================================================================================================================
==================================================================================================================================================================================================================
Teste executado: &amp#27;[1;33mValidar: Realizar login sem preencher campo e-mail&amp#27;[0m
Status: &amp#27;[1;32mpassed&amp#27;[0m
Tag: [@login-erro, @login]
==================================================================================================================================================================================================================
]]></system-out>
  </testcase>
  <testcase name="Dado que estou na tela de login" classname="| ateste@ateste.com.br |  | Senha inválida. | Realizar login sem preencher campo senha |" time="0">
    <system-err><![CDATA[Starting ChromeDriver 109.0.5414.74 (e7c5703604daa9cc128ccf5a5d3e993513758913-refs/branch-heads/5414@{#1172}) on port 17545
Only local connections are allowed.
Please see https://chromedriver.chromium.org/security-considerations for suggestions on keeping ChromeDriver safe.
ChromeDriver was started successfully.
]]></system-err>
  </testcase>
  <testcase name="Quando preencho o campo email&quot;ateste@ateste.com.br&quot; e senha&quot;&quot;" classname="| ateste@ateste.com.br |  | Senha inválida. | Realizar login sem preencher campo senha |" time="0"/>
  <testcase name="E clico no botão de login" classname="| ateste@ateste.com.br |  | Senha inválida. | Realizar login sem preencher campo senha |" time="0"/>
  <testcase name="Então sistema apresenta mensagem&quot;Senha inválida.&quot; na tela de login" classname="| ateste@ateste.com.br |  | Senha inválida. | Realizar login sem preencher campo senha |" time="0"/>
  <testcase name="" classname="| ateste@ateste.com.br |  | Senha inválida. | Realizar login sem preencher campo senha |" time="0.002">
    <system-out><![CDATA[==================================================================================================================================================================================================================
Teste executado: &amp#27;[1;33mValidar: Realizar login sem preencher campo senha&amp#27;[0m
Status: &amp#27;[1;32mpassed&amp#27;[0m
Tag: [@login-erro, @login]
==================================================================================================================================================================================================================
==================================================================================================================================================================================================================
Teste executado: &amp#27;[1;33mValidar: Realizar login sem preencher campo senha&amp#27;[0m
Status: &amp#27;[1;32mpassed&amp#27;[0m
Tag: [@login-erro, @login]
==================================================================================================================================================================================================================
]]></system-out>
  </testcase>
  <testcase name="Dado que estou na tela de login" classname="| ateste@ateste | 123456 | E-mail inválido. | Realizar login informando e-mail inválido |" time="0">
    <system-err><![CDATA[Starting ChromeDriver 109.0.5414.74 (e7c5703604daa9cc128ccf5a5d3e993513758913-refs/branch-heads/5414@{#1172}) on port 14258
Only local connections are allowed.
Please see https://chromedriver.chromium.org/security-considerations for suggestions on keeping ChromeDriver safe.
ChromeDriver was started successfully.
]]></system-err>
  </testcase>
  <testcase name="Quando preencho o campo email&quot;ateste@ateste&quot; e senha&quot;123456&quot;" classname="| ateste@ateste | 123456 | E-mail inválido. | Realizar login informando e-mail inválido |" time="0"/>
  <testcase name="E clico no botão de login" classname="| ateste@ateste | 123456 | E-mail inválido. | Realizar login informando e-mail inválido |" time="0"/>
  <testcase name="Então sistema apresenta mensagem&quot;E-mail inválido.&quot; na tela de login" classname="| ateste@ateste | 123456 | E-mail inválido. | Realizar login informando e-mail inválido |" time="0"/>
  <testcase name="" classname="| ateste@ateste | 123456 | E-mail inválido. | Realizar login informando e-mail inválido |" time="0.003">
    <system-out><![CDATA[==================================================================================================================================================================================================================
Teste executado: &amp#27;[1;33mValidar: Realizar login informando e-mail inválido&amp#27;[0m
Status: &amp#27;[1;32mpassed&amp#27;[0m
Tag: [@login-erro, @login]
==================================================================================================================================================================================================================
==================================================================================================================================================================================================================
Teste executado: &amp#27;[1;33mValidar: Realizar login informando e-mail inválido&amp#27;[0m
Status: &amp#27;[1;32mpassed&amp#27;[0m
Tag: [@login-erro, @login]
==================================================================================================================================================================================================================
]]></system-out>
  </testcase>
  <testcase name="Dado que estou na tela de login" classname="| ateste@ateste.com.br | 123 | Senha inválida. | Realizar login informando senha inválida |" time="0">
    <system-err><![CDATA[Starting ChromeDriver 109.0.5414.74 (e7c5703604daa9cc128ccf5a5d3e993513758913-refs/branch-heads/5414@{#1172}) on port 15893
Only local connections are allowed.
Please see https://chromedriver.chromium.org/security-considerations for suggestions on keeping ChromeDriver safe.
ChromeDriver was started successfully.
]]></system-err>
  </testcase>
  <testcase name="Quando preencho o campo email&quot;ateste@ateste.com.br&quot; e senha&quot;123&quot;" classname="| ateste@ateste.com.br | 123 | Senha inválida. | Realizar login informando senha inválida |" time="0"/>
  <testcase name="E clico no botão de login" classname="| ateste@ateste.com.br | 123 | Senha inválida. | Realizar login informando senha inválida |" time="0"/>
  <testcase name="Então sistema apresenta mensagem&quot;Senha inválida.&quot; na tela de login" classname="| ateste@ateste.com.br | 123 | Senha inválida. | Realizar login informando senha inválida |" time="0"/>
  <testcase name="" classname="| ateste@ateste.com.br | 123 | Senha inválida. | Realizar login informando senha inválida |" time="0.001">
    <system-out><![CDATA[==================================================================================================================================================================================================================
Teste executado: &amp#27;[1;33mValidar: Realizar login informando senha inválida&amp#27;[0m
Status: &amp#27;[1;32mpassed&amp#27;[0m
Tag: [@login-erro, @login]
==================================================================================================================================================================================================================
==================================================================================================================================================================================================================
Teste executado: &amp#27;[1;33mValidar: Realizar login informando senha inválida&amp#27;[0m
Status: &amp#27;[1;32mpassed&amp#27;[0m
Tag: [@login-erro, @login]
==================================================================================================================================================================================================================
]]></system-out>
  </testcase>
  <testcase name="Dado que estou na tela de login" classname="Cenário: Realizar login com sucesso" time="0">
    <system-err><![CDATA[Starting ChromeDriver 109.0.5414.74 (e7c5703604daa9cc128ccf5a5d3e993513758913-refs/branch-heads/5414@{#1172}) on port 42397
Only local connections are allowed.
Please see https://chromedriver.chromium.org/security-considerations for suggestions on keeping ChromeDriver safe.
ChromeDriver was started successfully.
]]></system-err>
  </testcase>
  <testcase name="Quando preencho campos obrigatórios login" classname="Cenário: Realizar login com sucesso" time="0"/>
  <testcase name="E clico no botão de login" classname="Cenário: Realizar login com sucesso" time="0"/>
  <testcase name="Então sistema realiza login com sucesso" classname="Cenário: Realizar login com sucesso" time="0"/>
  <testcase name="" classname="Cenário: Realizar login com sucesso" time="0.003">
    <system-out><![CDATA[==================================================================================================================================================================================================================
Teste executado: &amp#27;[1;33mRealizar login com sucesso&amp#27;[0m
Status: &amp#27;[1;32mpassed&amp#27;[0m
Tag: [@login-sucesso, @login]
==================================================================================================================================================================================================================
==================================================================================================================================================================================================================
Teste executado: &amp#27;[1;33mRealizar login com sucesso&amp#27;[0m
Status: &amp#27;[1;32mpassed&amp#27;[0m
Tag: [@login-sucesso, @login]
==================================================================================================================================================================================================================
]]></system-out>
  </testcase>
  <testcase name="Dado que estou na tela de login" classname="Cenário: Realizar logoff com sucesso" time="0">
    <system-err><![CDATA[Starting ChromeDriver 109.0.5414.74 (e7c5703604daa9cc128ccf5a5d3e993513758913-refs/branch-heads/5414@{#1172}) on port 26258
Only local connections are allowed.
Please see https://chromedriver.chromium.org/security-considerations for suggestions on keeping ChromeDriver safe.
ChromeDriver was started successfully.
]]></system-err>
  </testcase>
  <testcase name="Dado estou logado na aplicação" classname="Cenário: Realizar logoff com sucesso" time="0"/>
  <testcase name="Quando passo o mouse sobre o menu do nome do usuário logado no header" classname="Cenário: Realizar logoff com sucesso" time="0"/>
  <testcase name="Quando clico em Logoff" classname="Cenário: Realizar logoff com sucesso" time="0"/>
  <testcase name="Então sistema realiza o logoff com sucesso" classname="Cenário: Realizar logoff com sucesso" time="0"/>
  <testcase name="" classname="Cenário: Realizar logoff com sucesso" time="0.003">
    <system-out><![CDATA[==================================================================================================================================================================================================================
Teste executado: &amp#27;[1;33mRealizar logoff com sucesso&amp#27;[0m
Status: &amp#27;[1;32mpassed&amp#27;[0m
Tag: [@login, @logoff-sucesso]
==================================================================================================================================================================================================================
==================================================================================================================================================================================================================
Teste executado: &amp#27;[1;33mRealizar logoff com sucesso&amp#27;[0m
Status: &amp#27;[1;32mpassed&amp#27;[0m
Tag: [@login, @logoff-sucesso]
==================================================================================================================================================================================================================
]]></system-out>
  </testcase>
  <testcase name="Dado que estou na tela de login" classname="Cenário: Acessar tela de cadastro de usuários via link nao tenho conta" time="0">
    <system-err><![CDATA[Starting ChromeDriver 109.0.5414.74 (e7c5703604daa9cc128ccf5a5d3e993513758913-refs/branch-heads/5414@{#1172}) on port 36919
Only local connections are allowed.
Please see https://chromedriver.chromium.org/security-considerations for suggestions on keeping ChromeDriver safe.
ChromeDriver was started successfully.
]]></system-err>
  </testcase>
  <testcase name="Quando clico no link informando não ter conta" classname="Cenário: Acessar tela de cadastro de usuários via link nao tenho conta" time="0"/>
  <testcase name="Então sistema apresenta tela de cadastro de usuário" classname="Cenário: Acessar tela de cadastro de usuários via link nao tenho conta" time="0"/>
  <testcase name="" classname="Cenário: Acessar tela de cadastro de usuários via link nao tenho conta" time="0.003">
    <system-out><![CDATA[==================================================================================================================================================================================================================
Teste executado: &amp#27;[1;33mAcessar tela de cadastro de usuários via link nao tenho conta&amp#27;[0m
Status: &amp#27;[1;32mpassed&amp#27;[0m
Tag: [@login, @link-nao-tenho-conta]
==================================================================================================================================================================================================================
==================================================================================================================================================================================================================
Teste executado: &amp#27;[1;33mAcessar tela de cadastro de usuários via link nao tenho conta&amp#27;[0m
Status: &amp#27;[1;32mpassed&amp#27;[0m
Tag: [@login, @link-nao-tenho-conta]
==================================================================================================================================================================================================================
]]></system-out>
  </testcase>
</testsuite>